Using pre-set license
Built from '2020.3/staging' branch; Version is '2020.3.13f1 (71691879b7f5) revision 7432472'; Using compiler version '192528614'; Build Type 'Release'
OS: 'Windows 10 Home Single Language; OS build 22000.978; Version 2009; 64bit' Language: 'en' Physical Memory: 15791 MB
BatchMode: 1, IsHumanControllingUs: 0, StartBugReporterOnCrash: 0, Is64bit: 1, IsPro: 0

 COMMAND LINE ARGUMENTS:
C:\Program Files\Unity\Hub\Editor\2020.3.13f1\Editor\Unity.exe
-adb2
-batchMode
-noUpm
-name
AssetImportWorker0
-projectPath
C:/Users/ROG/RiderProjects/AuthUGS
-logFile
Logs/AssetImportWorker0.log
-srvPort
54736
Successfully changed project path to: C:/Users/ROG/RiderProjects/AuthUGS
C:/Users/ROG/RiderProjects/AuthUGS
Using Asset Import Pipeline V2.
Refreshing native plugins compatible for Editor in 40.90 ms, found 3 plugins.
Preloading 0 native plugins for Editor in 0.00 ms.
Initialize engine version: 2020.3.13f1 (71691879b7f5)
[Subsystems] Discovering subsystems at path C:/Program Files/Unity/Hub/Editor/2020.3.13f1/Editor/Data/Resources/UnitySubsystems
[Subsystems] Discovering subsystems at path C:/Users/ROG/RiderProjects/AuthUGS/Assets
GfxDevice: creating device client; threaded=0
Direct3D:
    Version:  Direct3D 11.0 [level 11.1]
    Renderer: NVIDIA GeForce GTX 1650 Ti (ID=0x1f95)
    Vendor:   
    VRAM:     3962 MB
    Driver:   30.0.15.1278
Initialize mono
Mono path[0] = 'C:/Program Files/Unity/Hub/Editor/2020.3.13f1/Editor/Data/Managed'
Mono path[1] = 'C:/Program Files/Unity/Hub/Editor/2020.3.13f1/Editor/Data/MonoBleedingEdge/lib/mono/unityjit'
Mono config path = 'C:/Program Files/Unity/Hub/Editor/2020.3.13f1/Editor/Data/MonoBleedingEdge/etc'
Using monoOptions --debugger-agent=transport=dt_socket,embedding=1,server=y,suspend=n,address=127.0.0.1:56424
Begin MonoManager ReloadAssembly
Registering precompiled unity dll's ...
Register platform support module: C:/Program Files/Unity/Hub/Editor/2020.3.13f1/Editor/Data/PlaybackEngines/WebGLSupport/UnityEditor.WebGL.Extensions.dll
Register platform support module: C:/Program Files/Unity/Hub/Editor/2020.3.13f1/Editor/Data/PlaybackEngines/MacStandaloneSupport/UnityEditor.OSXStandalone.Extensions.dll
Register platform support module: C:/Program Files/Unity/Hub/Editor/2020.3.13f1/Editor/Data/PlaybackEngines/WindowsStandaloneSupport/UnityEditor.WindowsStandalone.Extensions.dll
Register platform support module: C:/Program Files/Unity/Hub/Editor/2020.3.13f1/Editor/Data/PlaybackEngines/LinuxStandaloneSupport/UnityEditor.LinuxStandalone.Extensions.dll
Register platform support module: C:/Program Files/Unity/Hub/Editor/2020.3.13f1/Editor/Data/PlaybackEngines/LuminSupport/UnityEditor.Lumin.Extensions.dll
Registered in 0.002442 seconds.
Native extension for Lumin target not found
Native extension for LinuxStandalone target not found
Native extension for WindowsStandalone target not found
Native extension for OSXStandalone target not found
Native extension for WebGL target not found
Refreshing native plugins compatible for Editor in 41.82 ms, found 3 plugins.
Preloading 0 native plugins for Editor in 0.00 ms.
Mono: successfully reloaded assembly
- Completed reload, in  2.181 seconds
Platform modules already initialized, skipping
Registering precompiled user dll's ...
Registered in 0.002903 seconds.
Begin MonoManager ReloadAssembly
Native extension for Lumin target not found
Native extension for LinuxStandalone target not found
Native extension for WindowsStandalone target not found
Native extension for OSXStandalone target not found
Native extension for WebGL target not found
Refreshing native plugins compatible for Editor in 40.40 ms, found 3 plugins.
Preloading 0 native plugins for Editor in 0.00 ms.
Mono: successfully reloaded assembly
- Completed reload, in  1.044 seconds
Platform modules already initialized, skipping
========================================================================
Worker process is ready to serve import requests
Launched and connected shader compiler UnityShaderCompiler.exe after 0.03 seconds
Refreshing native plugins compatible for Editor in 0.51 ms, found 3 plugins.
Preloading 0 native plugins for Editor in 0.00 ms.
Unloading 2392 Unused Serialized files (Serialized files now loaded: 0)
System memory in use before: 100.3 MB.
System memory in use after: 100.3 MB.

Unloading 33 unused Assets to reduce memory usage. Loaded Objects now: 2825.
Total: 2.800100 ms (FindLiveObjects: 0.400900 ms CreateObjectMapping: 0.130800 ms MarkObjects: 2.143700 ms  DeleteObjects: 0.123000 ms)

AssetImportParameters requested are different than current active one (requested -> active):
  custom:framework-win-MediaFoundation: 216162199b28c13a410421893ffa2e32 -> 
  custom:video-decoder-ogg-theora: a1e56fd34408186e4bbccfd4996cb3dc -> 
  custom:container-muxer-webm: aa71ff27fc2769a1b78a27578f13a17b -> 
  custom:container-demuxer-webm: 4f35f7cbe854078d1ac9338744f61a02 -> 
  custom:container-demuxer-ogg: 62fdf1f143b41e24485cea50d1cbac27 -> 
  custom:video-encoder-webm-vp8: eb34c28f22e8b96e1ab97ce403110664 -> 
  custom:video-decoder-webm-vp8: 9c59270c3fd7afecdb556c50c9e8de78 -> 
  custom:audio-decoder-ogg-vorbis: bf7c407c2cedff20999df2af8eb42d56 -> 
  custom:audio-encoder-webm-vorbis: bf7c407c2cedff20999df2af8eb42d56 -> 
========================================================================
Received Import Request.
  path: Assets/Scenes
  artifactKey: Guid(8ac9e39bcedc5754aa921ea858b20946) Importer(815301076,1909f56bfc062723c751e8b465ee728b)
Start importing Assets/Scenes using Guid(8ac9e39bcedc5754aa921ea858b20946) Importer(815301076,1909f56bfc062723c751e8b465ee728b)  -> (artifact id: 'fe972d6ac2b173cf997c34846ed9e535') in 0.008101 seconds 
  Import took 0.011449 seconds .

========================================================================
Received Import Request.
  Time since last request: 0.000264 seconds.
  path: Assets/Samples/Authentication
  artifactKey: Guid(6d27ed8c91187144e945a3a79a8e8ec0) Importer(815301076,1909f56bfc062723c751e8b465ee728b)
Start importing Assets/Samples/Authentication using Guid(6d27ed8c91187144e945a3a79a8e8ec0) Importer(815301076,1909f56bfc062723c751e8b465ee728b)  -> (artifact id: 'e92405ff064e303e9f01dd260c2b3746') in 0.004960 seconds 
  Import took 0.008425 seconds .

========================================================================
Received Import Request.
  Time since last request: 0.000273 seconds.
  path: Assets/Samples
  artifactKey: Guid(ffdc6335f5360334783787da0846df91) Importer(815301076,1909f56bfc062723c751e8b465ee728b)
Start importing Assets/Samples using Guid(ffdc6335f5360334783787da0846df91) Importer(815301076,1909f56bfc062723c751e8b465ee728b)  -> (artifact id: '963f77a755c46821904e02a55ec403c2') in 0.005053 seconds 
  Import took 0.008164 seconds .

========================================================================
Received Import Request.
  Time since last request: 0.000273 seconds.
  path: Assets/Samples/Authentication/2.2.0
  artifactKey: Guid(2078fc9125a6df0449dde01e91ec8651) Importer(815301076,1909f56bfc062723c751e8b465ee728b)
Start importing Assets/Samples/Authentication/2.2.0 using Guid(2078fc9125a6df0449dde01e91ec8651) Importer(815301076,1909f56bfc062723c751e8b465ee728b)  -> (artifact id: '5a763f9e70a02c4c0ff7107b4b0cb0e3') in 0.005115 seconds 
  Import took 0.008922 seconds .

========================================================================
Received Import Request.
  Time since last request: 7.611510 seconds.
  path: Assets/Samples/Authentication/2.2.0/UI Example
  artifactKey: Guid(1332a8e836aa6254c88cd203845d5799) Importer(815301076,1909f56bfc062723c751e8b465ee728b)
Start importing Assets/Samples/Authentication/2.2.0/UI Example using Guid(1332a8e836aa6254c88cd203845d5799) Importer(815301076,1909f56bfc062723c751e8b465ee728b)  -> (artifact id: 'd03d9adbc2b1482b70e0887a512fcf8e') in 0.005625 seconds 
  Import took 0.009380 seconds .

========================================================================
Received Import Request.
  Time since last request: 1.815217 seconds.
  path: Assets/Samples/Authentication/2.2.0/UI Example/FacebookLoginUIExample.unity
  artifactKey: Guid(04ef12194eb529a4f8e198e87a4fc882) Importer(815301076,1909f56bfc062723c751e8b465ee728b)
Start importing Assets/Samples/Authentication/2.2.0/UI Example/FacebookLoginUIExample.unity using Guid(04ef12194eb529a4f8e198e87a4fc882) Importer(815301076,1909f56bfc062723c751e8b465ee728b)  -> (artifact id: 'b547a9d8739cf4e3072150c6de22df86') in 0.012545 seconds 
  Import took 0.016751 seconds .

========================================================================
Received Import Request.
  Time since last request: 1.481120 seconds.
  path: Assets/Samples/Authentication/2.2.0/UI Example/AnonymousLoginUIExample.unity
  artifactKey: Guid(02956517ac47b3c4593cbf6942bcaa2f) Importer(815301076,1909f56bfc062723c751e8b465ee728b)
Start importing Assets/Samples/Authentication/2.2.0/UI Example/AnonymousLoginUIExample.unity using Guid(02956517ac47b3c4593cbf6942bcaa2f) Importer(815301076,1909f56bfc062723c751e8b465ee728b)  -> (artifact id: '5017f2d28643571ce5974aae9dbf2f44') in 0.005744 seconds 
  Import took 0.009421 seconds .

========================================================================
Received Prepare
Registering precompiled user dll's ...
Registered in 0.002756 seconds.
Begin MonoManager ReloadAssembly
Native extension for Lumin target not found
Native extension for LinuxStandalone target not found
Native extension for WindowsStandalone target not found
Native extension for OSXStandalone target not found
Native extension for WebGL target not found
Refreshing native plugins compatible for Editor in 0.51 ms, found 3 plugins.
Preloading 0 native plugins for Editor in 0.00 ms.
Mono: successfully reloaded assembly
- Completed reload, in  1.068 seconds
Platform modules already initialized, skipping
Refreshing native plugins compatible for Editor in 0.72 ms, found 3 plugins.
Preloading 0 native plugins for Editor in 0.00 ms.
Unloading 2387 Unused Serialized files (Serialized files now loaded: 0)
System memory in use before: 100.4 MB.
System memory in use after: 100.4 MB.

Unloading 21 unused Assets to reduce memory usage. Loaded Objects now: 2829.
Total: 3.178500 ms (FindLiveObjects: 0.339200 ms CreateObjectMapping: 0.104300 ms MarkObjects: 2.623400 ms  DeleteObjects: 0.109800 ms)

AssetImportParameters requested are different than current active one (requested -> active):
  custom:framework-win-MediaFoundation: 216162199b28c13a410421893ffa2e32 -> 
  custom:video-decoder-ogg-theora: a1e56fd34408186e4bbccfd4996cb3dc -> 
  custom:container-muxer-webm: aa71ff27fc2769a1b78a27578f13a17b -> 
  custom:container-demuxer-webm: 4f35f7cbe854078d1ac9338744f61a02 -> 
  custom:container-demuxer-ogg: 62fdf1f143b41e24485cea50d1cbac27 -> 
  custom:video-encoder-webm-vp8: eb34c28f22e8b96e1ab97ce403110664 -> 
  custom:video-decoder-webm-vp8: 9c59270c3fd7afecdb556c50c9e8de78 -> 
  custom:audio-decoder-ogg-vorbis: bf7c407c2cedff20999df2af8eb42d56 -> 
  custom:audio-encoder-webm-vorbis: bf7c407c2cedff20999df2af8eb42d56 -> 
========================================================================
Received Import Request.
  Time since last request: 20.811602 seconds.
  path: Assets/Samples/Authentication/2.2.0/UI Example/AnonymousSignInUIExample.cs
  artifactKey: Guid(3d2c06427fdbee04c967a77bac0b1844) Importer(815301076,1909f56bfc062723c751e8b465ee728b)
Start importing Assets/Samples/Authentication/2.2.0/UI Example/AnonymousSignInUIExample.cs using Guid(3d2c06427fdbee04c967a77bac0b1844) Importer(815301076,1909f56bfc062723c751e8b465ee728b)  -> (artifact id: '9c273eb28847ee9a25be33ad8b4710f0') in 0.023907 seconds 
  Import took 0.028757 seconds .

========================================================================
Received Import Request.
  Time since last request: 5.796142 seconds.
  path: Assets/Samples/Authentication/2.2.0/UI Example/FacebookLoginUIExample.cs
  artifactKey: Guid(7c800e6070dde3d4880b34746ec56fb6) Importer(815301076,1909f56bfc062723c751e8b465ee728b)
Start importing Assets/Samples/Authentication/2.2.0/UI Example/FacebookLoginUIExample.cs using Guid(7c800e6070dde3d4880b34746ec56fb6) Importer(815301076,1909f56bfc062723c751e8b465ee728b)  -> (artifact id: '1cd5919cd32cfaf4de01ce5a1062853e') in 0.006132 seconds 
  Import took 0.010474 seconds .

========================================================================
Received Import Request.
  Time since last request: 0.008944 seconds.
  path: Assets/Samples/Authentication/2.2.0/UI Example/FacebookLoginUIExample.cs
  artifactKey: Guid(7c800e6070dde3d4880b34746ec56fb6) Importer(815301076,1909f56bfc062723c751e8b465ee728b)
Start importing Assets/Samples/Authentication/2.2.0/UI Example/FacebookLoginUIExample.cs using Guid(7c800e6070dde3d4880b34746ec56fb6) Importer(815301076,1909f56bfc062723c751e8b465ee728b)  -> (artifact id: '1cd5919cd32cfaf4de01ce5a1062853e') in 0.002822 seconds 
  Import took 0.006883 seconds .

